build/app/intermediates/manifest_merge_blame_file/debug/manifest-merger-blame-debug-report.txt
1<?xml version="1.0" encoding="utf-8"?>
2<manifest xmlns:android="http://schemas.android.com/apk/res/android"
3    package="com.pixelnx.e_com"
4    android:versionCode="8"
5    android:versionName="3.0.1" >
6
7    <uses-sdk
8        android:minSdkVersion="21"
9        android:targetSdkVersion="33" />
10    <!--
11         Flutter needs it to communicate with the running application
12         to allow setting breakpoints, to provide hot reload, etc.
13    -->
14    <uses-permission android:name="android.permission.INTERNET" />
14-->src\main\AndroidManifest.xml:5:5-66
14-->src\main\AndroidManifest.xml:5:22-64
15    <uses-permission android:name="android.permission.USE_FINGERPRINT" />
15-->src\main\AndroidManifest.xml:3:5-73
15-->src\main\AndroidManifest.xml:3:22-71
16    <uses-permission android:name="android.permission.USE_BIOMETRIC" />
16-->src\main\AndroidManifest.xml:4:5-71
16-->src\main\AndroidManifest.xml:4:22-69
17    <uses-permission android:name="android.permission.ACCESS_FINE_LOCATION" />
17-->src\main\AndroidManifest.xml:6:5-79
17-->src\main\AndroidManifest.xml:6:22-76
18    <uses-permission android:name="android.permission.CAMERA" />
18-->src\main\AndroidManifest.xml:7:5-65
18-->src\main\AndroidManifest.xml:7:22-62
19    <uses-permission android:name="android.permission.READ_EXTERNAL_STORAGE" />
19-->src\main\AndroidManifest.xml:8:5-80
19-->src\main\AndroidManifest.xml:8:22-77
20    <uses-permission android:name="android.permission.WRITE_EXTERNAL_STORAGE" />
20-->src\main\AndroidManifest.xml:9:5-81
20-->src\main\AndroidManifest.xml:9:22-78
21    <uses-permission android:name="android.permission.RECORD_AUDIO" />
21-->src\main\AndroidManifest.xml:10:5-70
21-->src\main\AndroidManifest.xml:10:22-68
22    <uses-permission android:name="android.permission.BLUETOOTH" />
22-->src\main\AndroidManifest.xml:11:5-67
22-->src\main\AndroidManifest.xml:11:22-65
23    <uses-permission android:name="android.permission.BLUETOOTH_ADMIN" />
23-->src\main\AndroidManifest.xml:12:5-73
23-->src\main\AndroidManifest.xml:12:22-71
24    <uses-permission android:name="android.permission.BLUETOOTH_CONNECT" />
24-->src\main\AndroidManifest.xml:13:5-75
24-->src\main\AndroidManifest.xml:13:22-73
25
26    <queries>
26-->src\main\AndroidManifest.xml:15:5-19:15
27        <intent>
27-->src\main\AndroidManifest.xml:16:9-18:18
28            <action android:name="android.speech.RecognitionService" />
28-->src\main\AndroidManifest.xml:17:13-72
28-->src\main\AndroidManifest.xml:17:21-69
29        </intent>
30        <!-- Added to check the default browser that will host the AuthFlow. -->
31        <intent>
31-->[com.stripe:financial-connections:20.12.0] AndroidManifest.xml:15:9-19:18
32            <action android:name="android.intent.action.VIEW" />
32-->[com.stripe:financial-connections:20.12.0] AndroidManifest.xml:16:13-65
32-->[com.stripe:financial-connections:20.12.0] AndroidManifest.xml:16:21-62
33
34            <data android:scheme="http" />
34-->[com.stripe:financial-connections:20.12.0] AndroidManifest.xml:18:13-43
34-->[com.stripe:financial-connections:20.12.0] AndroidManifest.xml:18:19-40
35        </intent> <!-- Added to check if Chrome is installed for browser-based payment authentication (e.g. 3DS1). -->
36        <package android:name="com.android.chrome" />
36-->[com.stripe:payments-core:20.12.0] AndroidManifest.xml:13:9-54
36-->[com.stripe:payments-core:20.12.0] AndroidManifest.xml:13:18-51
37
38        <intent>
38-->[com.razorpay:checkout:1.6.39] AndroidManifest.xml:11:9-17:18
39            <action android:name="android.intent.action.VIEW" />
39-->[com.stripe:financial-connections:20.12.0] AndroidManifest.xml:16:13-65
39-->[com.stripe:financial-connections:20.12.0] AndroidManifest.xml:16:21-62
40
41            <data
41-->[com.stripe:financial-connections:20.12.0] AndroidManifest.xml:18:13-43
42                android:mimeType="*/*"
43                android:scheme="*" />
43-->[com.stripe:financial-connections:20.12.0] AndroidManifest.xml:18:19-40
44        </intent>
45        <intent>
45-->[com.razorpay:checkout:1.6.39] AndroidManifest.xml:18:9-27:18
46            <action android:name="android.intent.action.VIEW" />
46-->[com.stripe:financial-connections:20.12.0] AndroidManifest.xml:16:13-65
46-->[com.stripe:financial-connections:20.12.0] AndroidManifest.xml:16:21-62
47
48            <category android:name="android.intent.category.BROWSABLE" />
48-->[com.stripe:financial-connections:20.12.0] AndroidManifest.xml:30:17-78
48-->[com.stripe:financial-connections:20.12.0] AndroidManifest.xml:30:27-75
49
50            <data
50-->[com.stripe:financial-connections:20.12.0] AndroidManifest.xml:18:13-43
51                android:host="pay"
52                android:mimeType="*/*"
53                android:scheme="upi" />
53-->[com.stripe:financial-connections:20.12.0] AndroidManifest.xml:18:19-40
54        </intent>
55        <intent>
55-->[com.razorpay:checkout:1.6.39] AndroidManifest.xml:28:9-30:18
56            <action android:name="android.intent.action.MAIN" />
56-->src\main\AndroidManifest.xml:49:17-68
56-->src\main\AndroidManifest.xml:49:25-66
57        </intent>
58        <intent>
58-->[com.razorpay:checkout:1.6.39] AndroidManifest.xml:31:9-35:18
59            <action android:name="android.intent.action.SEND" />
59-->[com.razorpay:checkout:1.6.39] AndroidManifest.xml:32:13-65
59-->[com.razorpay:checkout:1.6.39] AndroidManifest.xml:32:21-62
60
61            <data android:mimeType="*/*" />
61-->[com.stripe:financial-connections:20.12.0] AndroidManifest.xml:18:13-43
62        </intent>
63        <intent>
63-->[com.razorpay:checkout:1.6.39] AndroidManifest.xml:36:9-38:18
64            <action android:name="rzp.device_token.share" />
64-->[com.razorpay:checkout:1.6.39] AndroidManifest.xml:37:13-61
64-->[com.razorpay:checkout:1.6.39] AndroidManifest.xml:37:21-58
65        </intent> <!-- Needs to be explicitly declared on Android R+ -->
66        <package android:name="com.google.android.apps.maps" />
66-->[com.google.android.gms:play-services-maps:18.0.2] AndroidManifest.xml:33:9-64
66-->[com.google.android.gms:play-services-maps:18.0.2] AndroidManifest.xml:33:18-61
67
68        <intent>
68-->[androidx.media2:media2-session:1.2.1] AndroidManifest.xml:25:9-27:18
69            <action android:name="android.media.browse.MediaBrowserService" />
69-->[androidx.media2:media2-session:1.2.1] AndroidManifest.xml:26:13-79
69-->[androidx.media2:media2-session:1.2.1] AndroidManifest.xml:26:21-76
70        </intent>
71        <intent>
71-->[androidx.media2:media2-session:1.2.1] AndroidManifest.xml:28:9-30:18
72            <action android:name="androidx.media2.session.MediaSessionService" />
72-->[androidx.media2:media2-session:1.2.1] AndroidManifest.xml:29:13-82
72-->[androidx.media2:media2-session:1.2.1] AndroidManifest.xml:29:21-79
73        </intent>
74        <intent>
74-->[androidx.media2:media2-session:1.2.1] AndroidManifest.xml:31:9-33:18
75            <action android:name="androidx.media2.session.MediaLibraryService" />
75-->[androidx.media2:media2-session:1.2.1] AndroidManifest.xml:32:13-82
75-->[androidx.media2:media2-session:1.2.1] AndroidManifest.xml:32:21-79
76        </intent>
77    </queries>
78
79    <uses-permission android:name="android.permission.WAKE_LOCK" />
79-->[:firebase_messaging] AndroidManifest.xml:10:5-68
79-->[:firebase_messaging] AndroidManifest.xml:10:22-65
80    <uses-permission android:name="android.permission.ACCESS_NETWORK_STATE" /> <!-- Permissions options for the `notification` group -->
80-->[:firebase_messaging] AndroidManifest.xml:11:5-79
80-->[:firebase_messaging] AndroidManifest.xml:11:22-76
81    <uses-permission android:name="android.permission.POST_NOTIFICATIONS" /> <!-- Required by older versions of Google Play services to create IID tokens -->
81-->[:firebase_messaging] AndroidManifest.xml:13:5-77
81-->[:firebase_messaging] AndroidManifest.xml:13:22-74
82    <uses-permission android:name="com.google.android.c2dm.permission.RECEIVE" />
82-->[com.google.firebase:firebase-messaging:23.3.1] AndroidManifest.xml:26:5-82
82-->[com.google.firebase:firebase-messaging:23.3.1] AndroidManifest.xml:26:22-79
83
84    <uses-feature
84-->[com.google.android.gms:play-services-maps:18.0.2] AndroidManifest.xml:26:5-28:35
85        android:glEsVersion="0x00020000"
85-->[com.google.android.gms:play-services-maps:18.0.2] AndroidManifest.xml:27:9-41
86        android:required="true" />
86-->[com.google.android.gms:play-services-maps:18.0.2] AndroidManifest.xml:28:9-32
87
88    <permission
88-->[androidx.core:core:1.10.1] AndroidManifest.xml:22:5-24:47
89        android:name="com.pixelnx.e_com.DYNAMIC_RECEIVER_NOT_EXPORTED_PERMISSION"
89-->[androidx.core:core:1.10.1] AndroidManifest.xml:23:9-81
90        android:protectionLevel="signature" />
90-->[androidx.core:core:1.10.1] AndroidManifest.xml:24:9-44
91
92    <uses-permission android:name="com.pixelnx.e_com.DYNAMIC_RECEIVER_NOT_EXPORTED_PERMISSION" />
92-->[androidx.core:core:1.10.1] AndroidManifest.xml:26:5-97
92-->[androidx.core:core:1.10.1] AndroidManifest.xml:26:22-94
93
94    <application
94-->src\main\AndroidManifest.xml:20:4-66:19
95        android:appComponentFactory="androidx.core.app.CoreComponentFactory"
95-->[androidx.core:core:1.10.1] AndroidManifest.xml:28:18-86
96        android:debuggable="true"
97        android:icon="@mipmap/ic_launcher"
97-->src\main\AndroidManifest.xml:22:9-43
98        android:label="PixaCart" >
98-->src\main\AndroidManifest.xml:21:9-33
99        <activity
99-->src\main\AndroidManifest.xml:23:9-57:20
100            android:name="com.pixelnx.e_com.MainActivity"
100-->src\main\AndroidManifest.xml:24:13-41
101            android:configChanges="orientation|keyboardHidden|keyboard|screenSize|smallestScreenSize|locale|layoutDirection|fontScale|screenLayout|density|uiMode"
101-->src\main\AndroidManifest.xml:27:13-163
102            android:exported="true"
102-->src\main\AndroidManifest.xml:29:13-36
103            android:hardwareAccelerated="true"
103-->src\main\AndroidManifest.xml:28:13-47
104            android:launchMode="singleTop"
104-->src\main\AndroidManifest.xml:25:13-43
105            android:theme="@style/LaunchTheme"
105-->src\main\AndroidManifest.xml:26:13-47
106            android:windowSoftInputMode="adjustResize" >
106-->src\main\AndroidManifest.xml:30:13-55
107
108            <!--
109                 Specifies an Android theme to apply to this Activity as soon as
110                 the Android process has started. This theme is visible to the user
111                 while the Flutter UI initializes. After that, this theme continues
112                 to determine the Window background behind the Flutter UI.
113            -->
114            <meta-data
114-->src\main\AndroidManifest.xml:35:13-38:17
115                android:name="io.flutter.embedding.android.NormalTheme"
115-->src\main\AndroidManifest.xml:36:15-70
116                android:resource="@style/NormalTheme" />
116-->src\main\AndroidManifest.xml:37:15-52
117            <!--
118                 Displays an Android View that continues showing the launch screen
119                 Drawable until Flutter paints its first frame, then this splash
120                 screen fades out. A splash screen is useful to avoid any visual
121                 gap between the end of Android's launch screen and the painting of
122                 Flutter's first frame.
123            -->
124            <meta-data
124-->src\main\AndroidManifest.xml:44:13-47:17
125                android:name="io.flutter.embedding.android.SplashScreenDrawable"
125-->src\main\AndroidManifest.xml:45:15-79
126                android:resource="@drawable/launch_background" />
126-->src\main\AndroidManifest.xml:46:15-61
127
128            <intent-filter>
128-->src\main\AndroidManifest.xml:48:13-52:29
129                <action android:name="android.intent.action.MAIN" />
129-->src\main\AndroidManifest.xml:49:17-68
129-->src\main\AndroidManifest.xml:49:25-66
130
131                <category android:name="android.intent.category.LAUNCHER" />
131-->src\main\AndroidManifest.xml:50:17-76
131-->src\main\AndroidManifest.xml:50:27-74
132            </intent-filter>
133            <intent-filter>
133-->src\main\AndroidManifest.xml:53:13-56:29
134                <action android:name="FLUTTER_NOTIFICATION_CLICK" />
134-->src\main\AndroidManifest.xml:54:17-69
134-->src\main\AndroidManifest.xml:54:25-66
135
136                <category android:name="android.intent.category.DEFAULT" />
136-->src\main\AndroidManifest.xml:55:17-76
136-->src\main\AndroidManifest.xml:55:27-73
137            </intent-filter>
138        </activity>
139        <!--
140             Don't delete the meta-data below.
141             This is used by the Flutter tool to generate GeneratedPluginRegistrant.java
142        -->
143        <meta-data
143-->src\main\AndroidManifest.xml:60:9-62:33
144            android:name="flutterEmbedding"
144-->src\main\AndroidManifest.xml:61:13-44
145            android:value="2" />
145-->src\main\AndroidManifest.xml:62:13-30
146
147        <activity
147-->[:flutter_paystack] AndroidManifest.xml:10:9-12:54
148            android:name="co.paystack.flutterpaystack.AuthActivity"
148-->[:flutter_paystack] AndroidManifest.xml:11:13-68
149            android:theme="@style/Paystack.Dialog" />
149-->[:flutter_paystack] AndroidManifest.xml:12:13-51
150
151        <service
151-->[:firebase_messaging] AndroidManifest.xml:16:9-19:72
152            android:name="io.flutter.plugins.firebase.messaging.FlutterFirebaseMessagingBackgroundService"
152-->[:firebase_messaging] AndroidManifest.xml:17:13-107
153            android:exported="false"
153-->[:firebase_messaging] AndroidManifest.xml:18:13-37
154            android:permission="android.permission.BIND_JOB_SERVICE" />
154-->[:firebase_messaging] AndroidManifest.xml:19:13-69
155        <service
155-->[:firebase_messaging] AndroidManifest.xml:20:9-26:19
156            android:name="io.flutter.plugins.firebase.messaging.FlutterFirebaseMessagingService"
156-->[:firebase_messaging] AndroidManifest.xml:21:13-97
157            android:exported="false" >
157-->[:firebase_messaging] AndroidManifest.xml:22:13-37
158            <intent-filter>
158-->[:firebase_messaging] AndroidManifest.xml:23:13-25:29
159                <action android:name="com.google.firebase.MESSAGING_EVENT" />
159-->[:firebase_messaging] AndroidManifest.xml:24:17-78
159-->[:firebase_messaging] AndroidManifest.xml:24:25-75
160            </intent-filter>
161        </service>
162
163        <receiver
163-->[:firebase_messaging] AndroidManifest.xml:28:9-35:20
164            android:name="io.flutter.plugins.firebase.messaging.FlutterFirebaseMessagingReceiver"
164-->[:firebase_messaging] AndroidManifest.xml:29:13-98
165            android:exported="true"
165-->[:firebase_messaging] AndroidManifest.xml:30:13-36
166            android:permission="com.google.android.c2dm.permission.SEND" >
166-->[:firebase_messaging] AndroidManifest.xml:31:13-73
167            <intent-filter>
167-->[:firebase_messaging] AndroidManifest.xml:32:13-34:29
168                <action android:name="com.google.android.c2dm.intent.RECEIVE" />
168-->[:firebase_messaging] AndroidManifest.xml:33:17-81
168-->[:firebase_messaging] AndroidManifest.xml:33:25-78
169            </intent-filter>
170        </receiver>
171
172        <service
172-->[:firebase_messaging] AndroidManifest.xml:37:9-41:19
173            android:name="com.google.firebase.components.ComponentDiscoveryService"
173-->[:firebase_messaging] AndroidManifest.xml:37:18-89
174            android:directBootAware="true"
174-->[com.google.firebase:firebase-common:20.4.2] AndroidManifest.xml:32:13-43
175            android:exported="false" >
175-->[com.google.firebase:firebase-messaging:23.3.1] AndroidManifest.xml:56:13-37
176            <meta-data
176-->[:firebase_messaging] AndroidManifest.xml:38:13-40:85
177                android:name="com.google.firebase.components:io.flutter.plugins.firebase.messaging.FlutterFirebaseAppRegistrar"
177-->[:firebase_messaging] AndroidManifest.xml:39:17-128
178                android:value="com.google.firebase.components.ComponentRegistrar" />
178-->[:firebase_messaging] AndroidManifest.xml:40:17-82
179            <meta-data
179-->[:firebase_core] AndroidManifest.xml:11:13-13:85
180                android:name="com.google.firebase.components:io.flutter.plugins.firebase.core.FlutterFirebaseCoreRegistrar"
180-->[:firebase_core] AndroidManifest.xml:12:17-124
181                android:value="com.google.firebase.components.ComponentRegistrar" />
181-->[:firebase_core] AndroidManifest.xml:13:17-82
182            <meta-data
182-->[com.google.firebase:firebase-messaging:23.3.1] AndroidManifest.xml:57:13-59:85
183                android:name="com.google.firebase.components:com.google.firebase.messaging.FirebaseMessagingKtxRegistrar"
183-->[com.google.firebase:firebase-messaging:23.3.1] AndroidManifest.xml:58:17-122
184                android:value="com.google.firebase.components.ComponentRegistrar" />
184-->[com.google.firebase:firebase-messaging:23.3.1] AndroidManifest.xml:59:17-82
185            <meta-data
185-->[com.google.firebase:firebase-messaging:23.3.1] AndroidManifest.xml:60:13-62:85
186                android:name="com.google.firebase.components:com.google.firebase.messaging.FirebaseMessagingRegistrar"
186-->[com.google.firebase:firebase-messaging:23.3.1] AndroidManifest.xml:61:17-119
187                android:value="com.google.firebase.components.ComponentRegistrar" />
187-->[com.google.firebase:firebase-messaging:23.3.1] AndroidManifest.xml:62:17-82
188            <meta-data
188-->[com.google.firebase:firebase-iid:21.1.0] AndroidManifest.xml:32:13-34:85
189                android:name="com.google.firebase.components:com.google.firebase.iid.Registrar"
189-->[com.google.firebase:firebase-iid:21.1.0] AndroidManifest.xml:33:17-96
190                android:value="com.google.firebase.components.ComponentRegistrar" />
190-->[com.google.firebase:firebase-iid:21.1.0] AndroidManifest.xml:34:17-82
191            <meta-data
191-->[com.google.firebase:firebase-installations:17.2.0] AndroidManifest.xml:15:13-17:85
192                android:name="com.google.firebase.components:com.google.firebase.installations.FirebaseInstallationsKtxRegistrar"
192-->[com.google.firebase:firebase-installations:17.2.0] AndroidManifest.xml:16:17-130
193                android:value="com.google.firebase.components.ComponentRegistrar" />
193-->[com.google.firebase:firebase-installations:17.2.0] AndroidManifest.xml:17:17-82
194            <meta-data
194-->[com.google.firebase:firebase-installations:17.2.0] AndroidManifest.xml:18:13-20:85
195                android:name="com.google.firebase.components:com.google.firebase.installations.FirebaseInstallationsRegistrar"
195-->[com.google.firebase:firebase-installations:17.2.0] AndroidManifest.xml:19:17-127
196                android:value="com.google.firebase.components.ComponentRegistrar" />
196-->[com.google.firebase:firebase-installations:17.2.0] AndroidManifest.xml:20:17-82
197            <meta-data
197-->[com.google.firebase:firebase-common-ktx:20.4.2] AndroidManifest.xml:12:13-14:85
198                android:name="com.google.firebase.components:com.google.firebase.ktx.FirebaseCommonLegacyRegistrar"
198-->[com.google.firebase:firebase-common-ktx:20.4.2] AndroidManifest.xml:13:17-116
199                android:value="com.google.firebase.components.ComponentRegistrar" />
199-->[com.google.firebase:firebase-common-ktx:20.4.2] AndroidManifest.xml:14:17-82
200            <meta-data
200-->[com.google.firebase:firebase-common:20.4.2] AndroidManifest.xml:35:13-37:85
201                android:name="com.google.firebase.components:com.google.firebase.FirebaseCommonKtxRegistrar"
201-->[com.google.firebase:firebase-common:20.4.2] AndroidManifest.xml:36:17-109
202                android:value="com.google.firebase.components.ComponentRegistrar" />
202-->[com.google.firebase:firebase-common:20.4.2] AndroidManifest.xml:37:17-82
203            <meta-data
203-->[com.google.firebase:firebase-datatransport:18.1.7] AndroidManifest.xml:27:13-29:85
204                android:name="com.google.firebase.components:com.google.firebase.datatransport.TransportRegistrar"
204-->[com.google.firebase:firebase-datatransport:18.1.7] AndroidManifest.xml:28:17-115
205                android:value="com.google.firebase.components.ComponentRegistrar" />
205-->[com.google.firebase:firebase-datatransport:18.1.7] AndroidManifest.xml:29:17-82
206        </service>
207
208        <provider
208-->[:firebase_messaging] AndroidManifest.xml:43:9-47:38
209            android:name="io.flutter.plugins.firebase.messaging.FlutterFirebaseMessagingInitProvider"
209-->[:firebase_messaging] AndroidManifest.xml:44:13-102
210            android:authorities="com.pixelnx.e_com.flutterfirebasemessaginginitprovider"
210-->[:firebase_messaging] AndroidManifest.xml:45:13-88
211            android:exported="false"
211-->[:firebase_messaging] AndroidManifest.xml:46:13-37
212            android:initOrder="99" />
212-->[:firebase_messaging] AndroidManifest.xml:47:13-35
213        <provider
213-->[:image_picker] AndroidManifest.xml:13:9-21:20
214            android:name="io.flutter.plugins.imagepicker.ImagePickerFileProvider"
214-->[:image_picker] AndroidManifest.xml:14:13-82
215            android:authorities="com.pixelnx.e_com.flutter.image_provider"
215-->[:image_picker] AndroidManifest.xml:15:13-74
216            android:exported="false"
216-->[:image_picker] AndroidManifest.xml:16:13-37
217            android:grantUriPermissions="true" >
217-->[:image_picker] AndroidManifest.xml:17:13-47
218            <meta-data
218-->[:image_picker] AndroidManifest.xml:18:13-20:75
219                android:name="android.support.FILE_PROVIDER_PATHS"
219-->[:image_picker] AndroidManifest.xml:19:17-67
220                android:resource="@xml/flutter_image_picker_file_paths" />
220-->[:image_picker] AndroidManifest.xml:20:17-72
221        </provider>
222
223        <activity
223-->[:url_launcher_android] AndroidManifest.xml:10:9-13:74
224            android:name="io.flutter.plugins.urllauncher.WebViewActivity"
224-->[:url_launcher_android] AndroidManifest.xml:11:13-74
225            android:exported="false"
225-->[:url_launcher_android] AndroidManifest.xml:12:13-37
226            android:theme="@android:style/Theme.NoTitleBar.Fullscreen" />
226-->[:url_launcher_android] AndroidManifest.xml:13:13-71
227        <activity
227-->[com.stripe:paymentsheet:20.12.0] AndroidManifest.xml:10:9-13:69
228            android:name="com.stripe.android.paymentsheet.PaymentSheetActivity"
228-->[com.stripe:paymentsheet:20.12.0] AndroidManifest.xml:11:13-80
229            android:exported="false"
229-->[com.stripe:paymentsheet:20.12.0] AndroidManifest.xml:12:13-37
230            android:theme="@style/StripePaymentSheetDefaultTheme" />
230-->[com.stripe:paymentsheet:20.12.0] AndroidManifest.xml:13:13-66
231        <activity
231-->[com.stripe:paymentsheet:20.12.0] AndroidManifest.xml:14:9-17:69
232            android:name="com.stripe.android.paymentsheet.PaymentOptionsActivity"
232-->[com.stripe:paymentsheet:20.12.0] AndroidManifest.xml:15:13-82
233            android:exported="false"
233-->[com.stripe:paymentsheet:20.12.0] AndroidManifest.xml:16:13-37
234            android:theme="@style/StripePaymentSheetDefaultTheme" />
234-->[com.stripe:paymentsheet:20.12.0] AndroidManifest.xml:17:13-66
235        <activity
235-->[com.stripe:paymentsheet:20.12.0] AndroidManifest.xml:18:9-21:69
236            android:name="com.stripe.android.paymentsheet.addresselement.AddressElementActivity"
236-->[com.stripe:paymentsheet:20.12.0] AndroidManifest.xml:19:13-97
237            android:exported="false"
237-->[com.stripe:paymentsheet:20.12.0] AndroidManifest.xml:20:13-37
238            android:theme="@style/StripePaymentSheetDefaultTheme" />
238-->[com.stripe:paymentsheet:20.12.0] AndroidManifest.xml:21:13-66
239        <activity
239-->[com.stripe:link:20.12.0] AndroidManifest.xml:10:9-14:52
240            android:name="com.stripe.android.link.LinkActivity"
240-->[com.stripe:link:20.12.0] AndroidManifest.xml:11:13-64
241            android:exported="false"
241-->[com.stripe:link:20.12.0] AndroidManifest.xml:12:13-37
242            android:label="@string/link"
242-->[com.stripe:link:20.12.0] AndroidManifest.xml:13:13-41
243            android:theme="@style/LinkBaseTheme" />
243-->[com.stripe:link:20.12.0] AndroidManifest.xml:14:13-49
244        <activity
244-->[com.stripe:financial-connections:20.12.0] AndroidManifest.xml:23:9-42:20
245            android:name="com.stripe.android.financialconnections.FinancialConnectionsSheetRedirectActivity"
245-->[com.stripe:financial-connections:20.12.0] AndroidManifest.xml:24:13-109
246            android:exported="true" >
246-->[com.stripe:financial-connections:20.12.0] AndroidManifest.xml:25:13-36
247            <intent-filter>
247-->[com.stripe:financial-connections:20.12.0] AndroidManifest.xml:26:13-41:29
248                <action android:name="android.intent.action.VIEW" />
248-->[com.stripe:financial-connections:20.12.0] AndroidManifest.xml:16:13-65
248-->[com.stripe:financial-connections:20.12.0] AndroidManifest.xml:16:21-62
249
250                <category android:name="android.intent.category.DEFAULT" />
250-->src\main\AndroidManifest.xml:55:17-76
250-->src\main\AndroidManifest.xml:55:27-73
251                <category android:name="android.intent.category.BROWSABLE" />
251-->[com.stripe:financial-connections:20.12.0] AndroidManifest.xml:30:17-78
251-->[com.stripe:financial-connections:20.12.0] AndroidManifest.xml:30:27-75
252
253                <!-- Accepts success and cancel URIs that begin with "stripe-auth://link-accounts” -->
254                <data
254-->[com.stripe:financial-connections:20.12.0] AndroidManifest.xml:18:13-43
255                    android:host="link-accounts"
256                    android:path="/com.pixelnx.e_com/success"
257                    android:scheme="stripe-auth" />
257-->[com.stripe:financial-connections:20.12.0] AndroidManifest.xml:18:19-40
258                <data
258-->[com.stripe:financial-connections:20.12.0] AndroidManifest.xml:18:13-43
259                    android:host="link-accounts"
260                    android:path="/com.pixelnx.e_com/cancel"
261                    android:scheme="stripe-auth" />
261-->[com.stripe:financial-connections:20.12.0] AndroidManifest.xml:18:19-40
262            </intent-filter>
263        </activity>
264        <activity
264-->[com.stripe:financial-connections:20.12.0] AndroidManifest.xml:43:9-46:57
265            android:name="com.stripe.android.financialconnections.FinancialConnectionsSheetActivity"
265-->[com.stripe:financial-connections:20.12.0] AndroidManifest.xml:44:13-101
266            android:exported="false"
266-->[com.stripe:financial-connections:20.12.0] AndroidManifest.xml:45:13-37
267            android:theme="@style/StripeDefaultTheme" />
267-->[com.stripe:financial-connections:20.12.0] AndroidManifest.xml:46:13-54
268
269        <provider
269-->[com.stripe:financial-connections:20.12.0] AndroidManifest.xml:48:9-52:43
270            android:name="com.stripe.android.financialconnections.appinitializer.FinancialConnectionsInitializer"
270-->[com.stripe:financial-connections:20.12.0] AndroidManifest.xml:49:13-114
271            android:authorities="com.pixelnx.e_com.financialconnections-init"
271-->[com.stripe:financial-connections:20.12.0] AndroidManifest.xml:50:13-77
272            android:exported="false"
272-->[com.stripe:financial-connections:20.12.0] AndroidManifest.xml:51:13-37
273            android:multiprocess="true" />
273-->[com.stripe:financial-connections:20.12.0] AndroidManifest.xml:52:13-40
274
275        <activity
275-->[com.stripe:payments-ui-core:20.12.0] AndroidManifest.xml:10:9-13:69
276            android:name="com.stripe.android.ui.core.cardscan.CardScanActivity"
276-->[com.stripe:payments-ui-core:20.12.0] AndroidManifest.xml:11:13-80
277            android:exported="false"
277-->[com.stripe:payments-ui-core:20.12.0] AndroidManifest.xml:12:13-37
278            android:theme="@style/StripePaymentSheetDefaultTheme" />
278-->[com.stripe:payments-ui-core:20.12.0] AndroidManifest.xml:13:13-66
279        <activity
279-->[com.stripe:payments-core:20.12.0] AndroidManifest.xml:17:9-20:57
280            android:name="com.stripe.android.view.AddPaymentMethodActivity"
280-->[com.stripe:payments-core:20.12.0] AndroidManifest.xml:18:13-76
281            android:exported="false"
281-->[com.stripe:payments-core:20.12.0] AndroidManifest.xml:19:13-37
282            android:theme="@style/StripeDefaultTheme" />
282-->[com.stripe:payments-core:20.12.0] AndroidManifest.xml:20:13-54
283        <activity
283-->[com.stripe:payments-core:20.12.0] AndroidManifest.xml:21:9-24:57
284            android:name="com.stripe.android.view.PaymentMethodsActivity"
284-->[com.stripe:payments-core:20.12.0] AndroidManifest.xml:22:13-74
285            android:exported="false"
285-->[com.stripe:payments-core:20.12.0] AndroidManifest.xml:23:13-37
286            android:theme="@style/StripeDefaultTheme" />
286-->[com.stripe:payments-core:20.12.0] AndroidManifest.xml:24:13-54
287        <activity
287-->[com.stripe:payments-core:20.12.0] AndroidManifest.xml:25:9-28:57
288            android:name="com.stripe.android.view.PaymentFlowActivity"
288-->[com.stripe:payments-core:20.12.0] AndroidManifest.xml:26:13-71
289            android:exported="false"
289-->[com.stripe:payments-core:20.12.0] AndroidManifest.xml:27:13-37
290            android:theme="@style/StripeDefaultTheme" />
290-->[com.stripe:payments-core:20.12.0] AndroidManifest.xml:28:13-54
291        <activity
291-->[com.stripe:payments-core:20.12.0] AndroidManifest.xml:29:9-33:58
292            android:name="com.stripe.android.view.PaymentAuthWebViewActivity"